<?xml version="1.0" encoding="UTF-8"?>
<!-- Generated by org.testng.reporters.JUnitXMLReporter -->
<testsuite ignored="0" hostname="DESKTOP-DFDMCL2" failures="2" tests="2" name="Test" time="19.139" errors="0" timestamp="2022-03-16T14:10:38 IST">
  <testcase classname="TestClassPakage1.TestClass" name="verifyUserTasks" time="0.018">
    <failure type="java.lang.NullPointerException">
      <![CDATA[java.lang.NullPointerException
at org.openqa.selenium.support.pagefactory.DefaultElementLocator.findElement(DefaultElementLocator.java:69)
at org.openqa.selenium.support.pagefactory.internal.LocatingElementHandler.invoke(LocatingElementHandler.java:38)
at com.sun.proxy.$Proxy11.click(Unknown Source)
at pom.ApplicationHeaderPage.openTasksPage(ApplicationHeaderPage.java:35)
at TestClassPakage1.TestClass.verifyUserTasks(TestClass.java:88)
at java.base/java.util.ArrayList.forEach(ArrayList.java:1507)
... Removed 27 stack frames]]>
    </failure>
  </testcase> <!-- verifyUserTasks -->
  <testcase classname="TestClassPakage1.TestClass" name="verifyUserTimeTrackTab" time="0.009">
    <failure type="java.lang.NullPointerException">
      <![CDATA[java.lang.NullPointerException
at org.openqa.selenium.support.pagefactory.DefaultElementLocator.findElement(DefaultElementLocator.java:69)
at org.openqa.selenium.support.pagefactory.internal.LocatingElementHandler.invoke(LocatingElementHandler.java:38)
at com.sun.proxy.$Proxy11.click(Unknown Source)
at pom.ApplicationHeaderPage.openTimeTrackPage(ApplicationHeaderPage.java:31)
at TestClassPakage1.TestClass.verifyUserTimeTrackTab(TestClass.java:59)
at java.base/java.util.ArrayList.forEach(ArrayList.java:1507)
... Removed 27 stack frames]]>
    </failure>
  </testcase> <!-- verifyUserTimeTrackTab -->
</testsuite> <!-- Test -->
