<?xml version="1.0" encoding="UTF-8"?>
<!-- Generated by org.testng.reporters.JUnitXMLReporter -->
<testsuite ignored="0" hostname="DESKTOP-DFDMCL2" failures="0" tests="2" name="Default test" time="17.011" errors="0" timestamp="2022-03-16T19:07:48 IST">
  <testcase classname="TestClassPakage1.VerifyApplicationHeader" name="verifyUserTimeTrackTab" time="0.295"/>
  <testcase classname="TestClassPakage1.VerifyApplicationHeader" name="verifyUserTasks" time="1.235"/>
</testsuite> <!-- Default test -->
